Pig Stack Trace
---------------
ERROR 1200: Pig script failed to parse: 
<file q0.pig, line 41, column 0> pig script failed to validate: java.lang.RuntimeException: could not instantiate 'PigStorage' with arguments '[ , ]'

org.apache.pig.impl.logicalLayer.FrontendException: ERROR 1000: Error during parsing. Pig script failed to parse: 
<file q0.pig, line 41, column 0> pig script failed to validate: java.lang.RuntimeException: could not instantiate 'PigStorage' with arguments '[ , ]'
	at org.apache.pig.PigServer$Graph.parseQuery(PigServer.java:1701)
	at org.apache.pig.PigServer$Graph.access$000(PigServer.java:1421)
	at org.apache.pig.PigServer.parseAndBuild(PigServer.java:354)
	at org.apache.pig.PigServer.executeBatch(PigServer.java:379)
	at org.apache.pig.PigServer.executeBatch(PigServer.java:365)
	at org.apache.pig.tools.grunt.GruntParser.executeBatch(GruntParser.java:140)
	at org.apache.pig.tools.grunt.GruntParser.parseStopOnError(GruntParser.java:202)
	at org.apache.pig.tools.grunt.GruntParser.parseStopOnError(GruntParser.java:173)
	at org.apache.pig.tools.grunt.Grunt.exec(Grunt.java:84)
	at org.apache.pig.Main.run(Main.java:613)
	at org.apache.pig.Main.main(Main.java:158)
	at sun.reflect.NativeMethodAccessorImpl.invoke0(Native Method)
	at sun.reflect.NativeMethodAccessorImpl.invoke(NativeMethodAccessorImpl.java:62)
	at sun.reflect.DelegatingMethodAccessorImpl.invoke(DelegatingMethodAccessorImpl.java:43)
	at java.lang.reflect.Method.invoke(Method.java:498)
	at org.apache.hadoop.util.RunJar.run(RunJar.java:221)
	at org.apache.hadoop.util.RunJar.main(RunJar.java:136)
Caused by: Failed to parse: Pig script failed to parse: 
<file q0.pig, line 41, column 0> pig script failed to validate: java.lang.RuntimeException: could not instantiate 'PigStorage' with arguments '[ , ]'
	at org.apache.pig.parser.QueryParserDriver.parse(QueryParserDriver.java:196)
	at org.apache.pig.PigServer$Graph.parseQuery(PigServer.java:1688)
	... 16 more
Caused by: 
<file q0.pig, line 41, column 0> pig script failed to validate: java.lang.RuntimeException: could not instantiate 'PigStorage' with arguments '[ , ]'
	at org.apache.pig.parser.LogicalPlanBuilder.buildStoreOp(LogicalPlanBuilder.java:949)
	at org.apache.pig.parser.LogicalPlanGenerator.store_clause(LogicalPlanGenerator.java:7775)
	at org.apache.pig.parser.LogicalPlanGenerator.op_clause(LogicalPlanGenerator.java:1669)
	at org.apache.pig.parser.LogicalPlanGenerator.general_statement(LogicalPlanGenerator.java:1102)
	at org.apache.pig.parser.LogicalPlanGenerator.statement(LogicalPlanGenerator.java:560)
	at org.apache.pig.parser.LogicalPlanGenerator.query(LogicalPlanGenerator.java:421)
	at org.apache.pig.parser.QueryParserDriver.parse(QueryParserDriver.java:188)
	... 17 more
Caused by: java.lang.RuntimeException: could not instantiate 'PigStorage' with arguments '[ , ]'
	at org.apache.pig.impl.PigContext.instantiateFuncFromSpec(PigContext.java:748)
	at org.apache.pig.parser.LogicalPlanBuilder.buildStoreOp(LogicalPlanBuilder.java:928)
	... 23 more
Caused by: java.lang.reflect.InvocationTargetException
	at sun.reflect.NativeConstructorAccessorImpl.newInstance0(Native Method)
	at sun.reflect.NativeConstructorAccessorImpl.newInstance(NativeConstructorAccessorImpl.java:62)
	at sun.reflect.DelegatingConstructorAccessorImpl.newInstance(DelegatingConstructorAccessorImpl.java:45)
	at java.lang.reflect.Constructor.newInstance(Constructor.java:423)
	at org.apache.pig.impl.PigContext.instantiateFuncFromSpec(PigContext.java:716)
	... 24 more
Caused by: java.lang.IllegalArgumentException: Delimeter must be a single character  , 
	at org.apache.pig.impl.util.StorageUtil.parseFieldDel(StorageUtil.java:83)
	at org.apache.pig.builtin.PigStorage.<init>(PigStorage.java:198)
	at org.apache.pig.builtin.PigStorage.<init>(PigStorage.java:179)
	... 29 more
================================================================================
